[ 2025-01-30 14:00:33,566 ] 1025 httpx - INFO - HTTP Request: POST https://dagshub.com/login/oauth/middleman "HTTP/1.1 200 OK"
[ 2025-01-30 14:00:33,743 ] 1025 httpx - INFO - HTTP Request: POST https://dagshub.com/login/oauth/access_token "HTTP/1.1 200 OK"
[ 2025-01-30 14:00:33,927 ] 1025 httpx - INFO - HTTP Request: GET https://dagshub.com/api/v1/user "HTTP/1.1 200 OK"
[ 2025-01-30 14:00:33,933 ] 107 dagshub - INFO - Accessing as Anitha-Balachandran
[ 2025-01-30 14:00:34,234 ] 1025 httpx - INFO - HTTP Request: GET https://dagshub.com/api/v1/repos/Anitha-Balachandran/Networksecurity "HTTP/1.1 200 OK"
[ 2025-01-30 14:00:34,424 ] 1025 httpx - INFO - HTTP Request: GET https://dagshub.com/api/v1/user "HTTP/1.1 200 OK"
[ 2025-01-30 14:00:34,427 ] 107 dagshub - INFO - Initialized MLflow to track repo "Anitha-Balachandran/Networksecurity"
[ 2025-01-30 14:00:34,428 ] 107 dagshub - INFO - Repository Anitha-Balachandran/Networksecurity initialized!
[ 2025-01-30 14:00:34,429 ] 28 root - INFO - Initiate the data ingestion
[ 2025-01-30 14:00:41,877 ] 72 root - INFO - Performed train test split on the dataframe
[ 2025-01-30 14:00:41,878 ] 74 root - INFO - Exited split_data_as_train_test method of Data_Ingestion class
[ 2025-01-30 14:00:41,878 ] 82 root - INFO - Exporting train and test file path.
[ 2025-01-30 14:00:41,955 ] 91 root - INFO - Exported train and test file path.
[ 2025-01-30 14:00:41,955 ] 30 root - INFO - Data Initiation Completed
[ 2025-01-30 14:00:41,959 ] 34 root - INFO - Initiate the data Validation
[ 2025-01-30 14:00:41,973 ] 39 root - INFO - Required number of columns:2
[ 2025-01-30 14:00:41,974 ] 40 root - INFO - Data frame has columns:31
[ 2025-01-30 14:00:41,974 ] 39 root - INFO - Required number of columns:2
[ 2025-01-30 14:00:41,974 ] 40 root - INFO - Data frame has columns:31
[ 2025-01-30 14:00:42,120 ] 36 root - INFO - data Validation Completed
[ 2025-01-30 14:00:42,120 ] 39 root - INFO - data Transformation started
[ 2025-01-30 14:00:42,120 ] 72 root - INFO - Entered initiate_data_transformation method of DataTransformation class
[ 2025-01-30 14:00:42,120 ] 76 root - INFO - Starting data transformation
[ 2025-01-30 14:00:42,129 ] 58 root - INFO - Entered get_data_trnasformer_object method of Trnasformation class
[ 2025-01-30 14:00:42,129 ] 63 root - INFO - Initialise KNNImputer with {'missing_values': nan, 'n_neighbors': 3, 'weights': 'uniform'}
[ 2025-01-30 14:00:42,158 ] 51 root - INFO - Entered the save_object method of MainUtils class
[ 2025-01-30 14:00:42,168 ] 55 root - INFO - Exited the save_object method of MainUtils class
[ 2025-01-30 14:00:42,168 ] 51 root - INFO - Entered the save_object method of MainUtils class
[ 2025-01-30 14:00:42,180 ] 55 root - INFO - Exited the save_object method of MainUtils class
[ 2025-01-30 14:00:42,181 ] 47 root - INFO - data Transformation completed
[ 2025-01-30 14:00:42,181 ] 49 root - INFO - Model Training sstared
