[ 2025-01-30 14:07:11,856 ] 1025 httpx - INFO - HTTP Request: GET https://dagshub.com/api/v1/user "HTTP/1.1 200 OK"
[ 2025-01-30 14:07:11,859 ] 107 dagshub - INFO - Accessing as Anitha-Balachandran
[ 2025-01-30 14:07:13,047 ] 1025 httpx - INFO - HTTP Request: GET https://dagshub.com/api/v1/repos/Anitha-Balachandran/Networksecurity "HTTP/1.1 200 OK"
[ 2025-01-30 14:07:13,193 ] 1025 httpx - INFO - HTTP Request: GET https://dagshub.com/api/v1/user "HTTP/1.1 200 OK"
[ 2025-01-30 14:07:13,196 ] 107 dagshub - INFO - Initialized MLflow to track repo "Anitha-Balachandran/Networksecurity"
[ 2025-01-30 14:07:13,197 ] 107 dagshub - INFO - Repository Anitha-Balachandran/Networksecurity initialized!
[ 2025-01-30 14:07:13,197 ] 28 root - INFO - Initiate the data ingestion
[ 2025-01-30 14:07:15,331 ] 72 root - INFO - Performed train test split on the dataframe
[ 2025-01-30 14:07:15,331 ] 74 root - INFO - Exited split_data_as_train_test method of Data_Ingestion class
[ 2025-01-30 14:07:15,331 ] 82 root - INFO - Exporting train and test file path.
[ 2025-01-30 14:07:15,361 ] 91 root - INFO - Exported train and test file path.
[ 2025-01-30 14:07:15,361 ] 30 root - INFO - Data Initiation Completed
[ 2025-01-30 14:07:15,364 ] 34 root - INFO - Initiate the data Validation
[ 2025-01-30 14:07:15,372 ] 39 root - INFO - Required number of columns:2
[ 2025-01-30 14:07:15,373 ] 40 root - INFO - Data frame has columns:31
[ 2025-01-30 14:07:15,373 ] 39 root - INFO - Required number of columns:2
[ 2025-01-30 14:07:15,373 ] 40 root - INFO - Data frame has columns:31
[ 2025-01-30 14:07:15,448 ] 36 root - INFO - data Validation Completed
[ 2025-01-30 14:07:15,448 ] 39 root - INFO - data Transformation started
[ 2025-01-30 14:07:15,448 ] 72 root - INFO - Entered initiate_data_transformation method of DataTransformation class
[ 2025-01-30 14:07:15,448 ] 76 root - INFO - Starting data transformation
[ 2025-01-30 14:07:15,457 ] 58 root - INFO - Entered get_data_trnasformer_object method of Trnasformation class
[ 2025-01-30 14:07:15,457 ] 63 root - INFO - Initialise KNNImputer with {'missing_values': nan, 'n_neighbors': 3, 'weights': 'uniform'}
[ 2025-01-30 14:07:15,468 ] 51 root - INFO - Entered the save_object method of MainUtils class
[ 2025-01-30 14:07:15,470 ] 55 root - INFO - Exited the save_object method of MainUtils class
[ 2025-01-30 14:07:15,470 ] 51 root - INFO - Entered the save_object method of MainUtils class
[ 2025-01-30 14:07:15,477 ] 55 root - INFO - Exited the save_object method of MainUtils class
[ 2025-01-30 14:07:15,477 ] 47 root - INFO - data Transformation completed
[ 2025-01-30 14:07:15,477 ] 49 root - INFO - Model Training sstared
