[ 2025-01-30 14:20:17,191 ] 1025 httpx - INFO - HTTP Request: GET https://dagshub.com/api/v1/user "HTTP/1.1 200 OK"
[ 2025-01-30 14:20:17,197 ] 107 dagshub - INFO - Accessing as Anitha-Balachandran
[ 2025-01-30 14:20:17,374 ] 1025 httpx - INFO - HTTP Request: GET https://dagshub.com/api/v1/repos/Anitha-Balachandran/Networksecurity "HTTP/1.1 200 OK"
[ 2025-01-30 14:20:17,522 ] 1025 httpx - INFO - HTTP Request: GET https://dagshub.com/api/v1/user "HTTP/1.1 200 OK"
[ 2025-01-30 14:20:17,526 ] 107 dagshub - INFO - Initialized MLflow to track repo "Anitha-Balachandran/Networksecurity"
[ 2025-01-30 14:20:17,526 ] 107 dagshub - INFO - Repository Anitha-Balachandran/Networksecurity initialized!
[ 2025-01-30 14:20:29,916 ] 44 root - INFO - Start data Ingestion
[ 2025-01-30 14:20:32,330 ] 72 root - INFO - Performed train test split on the dataframe
[ 2025-01-30 14:20:32,330 ] 74 root - INFO - Exited split_data_as_train_test method of Data_Ingestion class
[ 2025-01-30 14:20:32,330 ] 82 root - INFO - Exporting train and test file path.
[ 2025-01-30 14:20:32,359 ] 91 root - INFO - Exported train and test file path.
[ 2025-01-30 14:20:32,359 ] 49 root - INFO - Data Ingestion completed and artifact: DataIngestionArtifact(trained_file_path='Artifacts/01_30_2025_14_20_15/data_ingestion/ingested/train.csv', test_file_path='Artifacts/01_30_2025_14_20_15/data_ingestion/ingested/test.csv')
[ 2025-01-30 14:20:32,362 ] 66 root - INFO - Initiate the data Validation
[ 2025-01-30 14:20:32,372 ] 39 root - INFO - Required number of columns:2
[ 2025-01-30 14:20:32,372 ] 40 root - INFO - Data frame has columns:31
[ 2025-01-30 14:20:32,372 ] 39 root - INFO - Required number of columns:2
[ 2025-01-30 14:20:32,372 ] 40 root - INFO - Data frame has columns:31
[ 2025-01-30 14:20:32,449 ] 72 root - INFO - Entered initiate_data_transformation method of DataTransformation class
[ 2025-01-30 14:20:32,449 ] 76 root - INFO - Starting data transformation
[ 2025-01-30 14:20:32,458 ] 58 root - INFO - Entered get_data_trnasformer_object method of Trnasformation class
[ 2025-01-30 14:20:32,458 ] 63 root - INFO - Initialise KNNImputer with {'missing_values': nan, 'n_neighbors': 3, 'weights': 'uniform'}
[ 2025-01-30 14:20:32,463 ] 51 root - INFO - Entered the save_object method of MainUtils class
[ 2025-01-30 14:20:32,470 ] 55 root - INFO - Exited the save_object method of MainUtils class
[ 2025-01-30 14:20:32,470 ] 51 root - INFO - Entered the save_object method of MainUtils class
[ 2025-01-30 14:20:32,477 ] 55 root - INFO - Exited the save_object method of MainUtils class
[ 2025-01-30 14:23:00,669 ] 51 root - INFO - Entered the save_object method of MainUtils class
[ 2025-01-30 14:23:00,670 ] 55 root - INFO - Exited the save_object method of MainUtils class
[ 2025-01-30 14:23:00,670 ] 51 root - INFO - Entered the save_object method of MainUtils class
[ 2025-01-30 14:23:00,701 ] 55 root - INFO - Exited the save_object method of MainUtils class
[ 2025-01-30 14:23:00,701 ] 181 root - INFO - Model trainer artifact: ModelTrainerArtifact(trained_model_file_path='Artifacts/01_30_2025_14_20_15/model_trainer/trained_model/model.pkl', train_metric_artifact=ClassificationMetricArtifact(f1_score=0.9919902666531482, precision_score=0.9894822006472492, recall_score=0.9945110794877008), test_metric_artifact=ClassificationMetricArtifact(f1_score=0.9731031714171016, precision_score=0.9672785315243416, recall_score=0.9789983844911146))
